<?xml version="1.0"?>

    <!DOCTYPE faces-config PUBLIC "-//Sun Microsystems, Inc.//DTD  JavaServer Faces Config 1.1//EN"

    "http://java.sun.com/dtd/web-facesconfig_1_1.dtd">    
   <faces-config>     
      <managed-bean>

        <managed-bean-name>test</managed-bean-name>

        <managed-bean-class>org.crlr.web.test.control.TestControl</managed-bean-class>

        <managed-bean-scope>request</managed-bean-scope>
        <managed-property>
            <property-name>confidentialiteService</property-name>
            <value>#{confidentialiteService}</value>
         </managed-property>
         <managed-property>
            <property-name>ldapService</property-name>
            <value>#{ldapService}</value>
         </managed-property>
            <managed-property>
            <property-name>contexteUtilisateur</property-name>
            <value>#{contexteUtilisateur}</value>
        </managed-property>
       
      </managed-bean>

    </faces-config>